[2025-10-28 09:50:18] ✅ Mail sent successfully and record saved.
[2025-10-28 09:50:57] ✅ Mail sent successfully and record saved.
[2025-12-29 10:37:37] ❌ reCAPTCHA score too low: 0
[2025-12-29 10:37:38] ❌ reCAPTCHA score too low: 0
[2025-12-29 10:37:38] ❌ reCAPTCHA score too low: 0
[2025-12-29 10:37:38] ❌ reCAPTCHA score too low: 0
[2025-12-29 10:37:39] ❌ reCAPTCHA score too low: 0
[2025-12-29 10:37:39] ❌ reCAPTCHA score too low: 0
[2025-12-29 10:37:39] ❌ reCAPTCHA score too low: 0
[2025-12-29 10:37:39] ❌ reCAPTCHA score too low: 0
[2025-12-29 10:37:40] ❌ reCAPTCHA score too low: 0
[2025-12-29 10:37:40] ❌ reCAPTCHA score too low: 0
[2025-12-29 10:37:41] ❌ reCAPTCHA score too low: 0
[2025-12-29 10:37:41] ❌ reCAPTCHA score too low: 0
[2026-04-23 15:43:10] ✅ 發送成功 (Score: 0)
[2026-04-23 15:54:32] ✅ 發送成功 (Score: 0)
[2026-04-23 16:27:39] ✅ 發送成功 (Score: 0)
[2026-04-23 16:28:28] ✅ 發送成功 (Score: 0)
[2026-04-23 16:29:30] ✅ 發送成功 (Score: 0)
[2026-04-23 16:32:00] ✅ 發送成功 (Score: 0)
[2026-04-23 16:38:22] ✅ 發送成功 (Score: 0)
[2026-04-23 16:40:05] ✅ 發送成功 (Score: 0)
[2026-04-23 16:44:58] ❌ 失敗: Could not access file: /home/altaweb2/public_html/demo/www.jihcheng.com_r/../assets/img/email-logo.webp
[2026-04-23 16:45:25] ❌ 失敗: Could not access file: /home/altaweb2/public_html/demo/www.jihcheng.com_r/../assets/img/email-logo.webp
[2026-04-23 16:47:55] ✅ 發送成功 (Score: 0)
[2026-04-23 16:53:13] ✅ 發送成功 (Score: 0)
[2026-04-23 17:08:34] ✅ 發送成功 (Score: 0)
[2026-04-23 17:17:35] ✅ 發送成功 (Score: 0)
[2026-04-23 17:17:35] 收到的語系: ko
[2026-04-23 17:21:03] ✅ 發送成功 (Score: 0) | 語系: ko
[2026-04-24 08:51:30] ❌ 失敗: SMTP Error: Could not connect to SMTP host.
